<?xml version="1.0" encoding="UTF-8"?>
<testng-results ignored="0" total="1" passed="1" failed="0" skipped="0">
  <reporter-output>
  </reporter-output>
  <suite started-at="2023-01-13T10:41:11 EST" name="Default suite" finished-at="2023-01-13T10:41:16 EST" duration-ms="4487">
    <groups>
    </groups>
    <test started-at="2023-01-13T10:41:11 EST" name="Default test" finished-at="2023-01-13T10:41:16 EST" duration-ms="4487">
      <class name="com.qa.tests.GET_Request">
        <test-method signature="getWeatherDetails()[pri:0, instance:com.qa.tests.GET_Request@393671df]" started-at="2023-01-13T10:41:11 EST" name="getWeatherDetails" finished-at="2023-01-13T10:41:16 EST" duration-ms="4418" status="PASS">
          <reporter-output>
          </reporter-output>
        </test-method> <!-- getWeatherDetails -->
      </class> <!-- com.qa.tests.GET_Request -->
    </test> <!-- Default test -->
  </suite> <!-- Default suite -->
</testng-results>
